01 mars 2023;08:50:37.993 [Thread-0] DEBUG org.opensilex.OpenSilex     Shutdown instance
01 mars 2023;08:50:38.010 [Thread-0] DEBUG org.opensilex.OpenSilexModule     Nothing to shutdown for module class: org.opensilex.server.ServerModule
01 mars 2023;08:50:38.010 [Thread-0] DEBUG org.opensilex.OpenSilexModule     Nothing to shutdown for module class: org.opensilex.fs.FileStorageModule
01 mars 2023;08:50:38.010 [Thread-0] DEBUG org.opensilex.OpenSilexModule     Nothing to shutdown for module class: org.opensilex.nosql.NoSQLModule
01 mars 2023;08:50:38.010 [Thread-0] DEBUG org.opensilex.OpenSilexModule     Nothing to shutdown for module class: org.opensilex.sparql.SPARQLModule
01 mars 2023;08:50:38.016 [Thread-0] DEBUG org.opensilex.OpenSilexModule     Nothing to shutdown for module class: org.opensilex.security.SecurityModule
01 mars 2023;08:50:38.016 [Thread-0] DEBUG org.opensilex.OpenSilexModule     Nothing to shutdown for module class: org.opensilex.core.CoreModule
01 mars 2023;08:50:38.016 [Thread-0] DEBUG org.opensilex.OpenSilexModule     Nothing to shutdown for module class: org.opensilex.front.FrontModule
01 mars 2023;08:50:38.016 [Thread-0] DEBUG org.opensilex.OpenSilexModule     Nothing to shutdown for module class: org.opensilex.dataAnalysis.DataAnalysisModule
01 mars 2023;08:50:38.016 [Thread-0] DEBUG org.opensilex.OpenSilexModule     Nothing to shutdown for module class: org.opensilex.migration.MigrationModule
01 mars 2023;08:50:38.016 [Thread-0] DEBUG org.opensilex.OpenSilexModule     Nothing to shutdown for module class: fr.inrae.sixtine.vigne.SixtineVigneModule
01 mars 2023;08:50:38.029 [Thread-0] DEBUG org.opensilex.OpenSilexModule     Nothing to shutdown for module class: org.opensilex.phis.PhisWsModule
01 mars 2023;08:50:38.029 [Thread-0] DEBUG org.opensilex.OpenSilexModule     Nothing to shutdown for module class: org.opensilex.brapi.BrapiModule
01 mars 2023;08:50:38.108 [Thread-0] DEBUG org.opensilex.OpenSilex     Clean module: org.opensilex.server.ServerModule
01 mars 2023;08:50:38.109 [Thread-0] DEBUG org.opensilex.OpenSilexModule     Nothing to clean for module class: org.opensilex.server.ServerModule
01 mars 2023;08:50:38.109 [Thread-0] DEBUG org.opensilex.OpenSilex     Clean module: org.opensilex.fs.FileStorageModule
01 mars 2023;08:50:38.109 [Thread-0] DEBUG org.opensilex.OpenSilexModule     Nothing to clean for module class: org.opensilex.fs.FileStorageModule
01 mars 2023;08:50:38.109 [Thread-0] DEBUG org.opensilex.OpenSilex     Clean module: org.opensilex.nosql.NoSQLModule
01 mars 2023;08:50:38.109 [Thread-0] DEBUG org.opensilex.OpenSilexModule     Nothing to clean for module class: org.opensilex.nosql.NoSQLModule
01 mars 2023;08:50:38.109 [Thread-0] DEBUG org.opensilex.OpenSilex     Clean module: org.opensilex.sparql.SPARQLModule
01 mars 2023;08:50:38.109 [Thread-0] DEBUG org.opensilex.OpenSilexModule     Nothing to clean for module class: org.opensilex.sparql.SPARQLModule
01 mars 2023;08:50:38.109 [Thread-0] DEBUG org.opensilex.OpenSilex     Clean module: org.opensilex.security.SecurityModule
01 mars 2023;08:50:38.109 [Thread-0] DEBUG org.opensilex.OpenSilexModule     Nothing to clean for module class: org.opensilex.security.SecurityModule
01 mars 2023;08:50:38.109 [Thread-0] DEBUG org.opensilex.OpenSilex     Clean module: org.opensilex.core.CoreModule
01 mars 2023;08:50:38.109 [Thread-0] DEBUG org.opensilex.OpenSilexModule     Nothing to clean for module class: org.opensilex.core.CoreModule
01 mars 2023;08:50:38.109 [Thread-0] DEBUG org.opensilex.OpenSilex     Clean module: org.opensilex.front.FrontModule
01 mars 2023;08:50:38.109 [Thread-0] DEBUG org.opensilex.OpenSilexModule     Nothing to clean for module class: org.opensilex.front.FrontModule
01 mars 2023;08:50:38.110 [Thread-0] DEBUG org.opensilex.OpenSilex     Clean module: org.opensilex.dataAnalysis.DataAnalysisModule
01 mars 2023;08:50:38.125 [Thread-0] DEBUG org.opensilex.OpenSilexModule     Nothing to clean for module class: org.opensilex.dataAnalysis.DataAnalysisModule
01 mars 2023;08:50:38.126 [Thread-0] DEBUG org.opensilex.OpenSilex     Clean module: org.opensilex.migration.MigrationModule
01 mars 2023;08:50:38.126 [Thread-0] DEBUG org.opensilex.OpenSilexModule     Nothing to clean for module class: org.opensilex.migration.MigrationModule
01 mars 2023;08:50:38.126 [Thread-0] DEBUG org.opensilex.OpenSilex     Clean module: fr.inrae.sixtine.vigne.SixtineVigneModule
01 mars 2023;08:50:38.126 [Thread-0] DEBUG org.opensilex.OpenSilexModule     Nothing to clean for module class: fr.inrae.sixtine.vigne.SixtineVigneModule
01 mars 2023;08:50:38.126 [Thread-0] DEBUG org.opensilex.OpenSilex     Clean module: org.opensilex.phis.PhisWsModule
01 mars 2023;08:50:38.126 [Thread-0] DEBUG org.opensilex.OpenSilexModule     Nothing to clean for module class: org.opensilex.phis.PhisWsModule
01 mars 2023;08:50:38.126 [Thread-0] DEBUG org.opensilex.OpenSilex     Clean module: org.opensilex.brapi.BrapiModule
01 mars 2023;08:50:38.126 [Thread-0] DEBUG org.opensilex.OpenSilexModule     Nothing to clean for module class: org.opensilex.brapi.BrapiModule
