#1 [opensilex-stack-haproxy internal] load build definition from haproxy-build-step.docker
#1 transferring dockerfile: 304B done
#1 DONE 0.0s

#2 [opensilex-stack-opensilex internal] load build definition from opensilex-build-step.docker
#2 transferring dockerfile: 639B done
#2 DONE 0.0s

#3 [opensilex-stack-opensilex internal] load .dockerignore
#3 transferring context: 2B done
#3 DONE 0.0s

#4 [opensilex-stack-haproxy internal] load .dockerignore
#4 transferring context: 2B done
#4 DONE 0.0s

#5 [opensilex-stack-opensilex internal] load metadata for docker.io/library/tomcat:jre11-openjdk-slim
#5 DONE 0.0s

#6 [opensilex-stack-opensilex  1/11] FROM docker.io/library/tomcat:jre11-openjdk-slim
#6 DONE 0.0s

#7 [opensilex-stack-opensilex internal] load build context
#7 transferring context: 4.57kB done
#7 DONE 0.0s

#8 [opensilex-stack-opensilex  4/11] WORKDIR /home/opensilex/bin
#8 CACHED

#9 [opensilex-stack-opensilex  3/11] RUN mkdir -p /home/opensilex
#9 CACHED

#10 [opensilex-stack-opensilex  6/11] RUN unzip $( basename https://github.com/OpenSILEX/opensilex/releases/download/1.0.0-rc+5.2/opensilex-release-1.0.0-rc+5.2.zip )
#10 CACHED

#11 [opensilex-stack-opensilex  7/11] RUN ls
#11 CACHED

#12 [opensilex-stack-opensilex 10/11] COPY ./config/opensilex-template.yml /home/opensilex/config/
#12 CACHED

#13 [opensilex-stack-opensilex  2/11] RUN apt-get -y update && apt-get install -y wget zip gettext-base
#13 CACHED

#14 [opensilex-stack-opensilex  5/11] RUN wget -nv https://github.com/OpenSILEX/opensilex/releases/download/1.0.0-rc+5.2/opensilex-release-1.0.0-rc+5.2.zip
#14 CACHED

#15 [opensilex-stack-opensilex  9/11] COPY ./bin/logback.xml /home/opensilex/bin/
#15 CACHED

#16 [opensilex-stack-opensilex  8/11] COPY ./bin/opensilex.sh /home/opensilex/bin/
#16 CACHED

#17 [opensilex-stack-opensilex 11/11] WORKDIR /home/opensilex
#17 CACHED

#18 [opensilex-stack-opensilex] exporting to image
#18 exporting layers done
#18 writing image sha256:e9972daa00e85125ac92289421ab19db60850699f994932746b0836cd26ac4f6 done
#18 naming to docker.io/library/opensilex-stack-opensilex done
#18 DONE 0.0s

#19 [opensilex-stack-haproxy internal] load metadata for docker.io/library/haproxy:2.6.6
#19 DONE 0.3s

#20 [opensilex-stack-haproxy 1/3] FROM docker.io/library/haproxy:2.6.6@sha256:53c3aa1dbd756e78f12d472ffba22cba5f8bfbca61239a9767a72f754f8cda5a
#20 DONE 0.0s

#21 [opensilex-stack-haproxy internal] load build context
#21 transferring context: 2.31kB done
#21 DONE 0.0s

#22 [opensilex-stack-haproxy 2/3] RUN mkdir /run/haproxy  && chown haproxy:haproxy /run/haproxy && chmod 2775 /run/haproxy
#22 CACHED

#23 [opensilex-stack-haproxy 3/3] COPY haproxy.cfg /usr/local/etc/haproxy/haproxy.cfg
#23 CACHED

#18 [opensilex-stack-haproxy] exporting to image
#18 exporting layers done
#18 writing image sha256:7d3a182f4de2dfca31b428edaa7b100d1d0c9e161f271dbd53e9248c94ea2209 done
#18 naming to docker.io/library/opensilex-stack-haproxy done
#18 DONE 0.0s
#1 [internal] load .dockerignore
#1 transferring context: 2B done
#1 DONE 0.0s

#2 [internal] load build definition from opensilex-build-step.docker
#2 transferring dockerfile: 1.70kB done
#2 DONE 0.0s

#3 [internal] load metadata for docker.io/library/tomcat:jre11-openjdk-slim
#3 DONE 0.0s

#4 [ 1/20] FROM docker.io/library/tomcat:jre11-openjdk-slim
#4 DONE 0.0s

#5 [ 2/20] RUN groupadd --gid 1002 opensilex     && useradd --uid 1002 --gid 1002 -m opensilex     && apt-get update     && apt-get install -y sudo     && echo opensilex ALL=(root) NOPASSWD:ALL > /etc/sudoers.d/opensilex     && chmod 0440 /etc/sudoers.d/opensilex
#5 CACHED

#6 [ 3/20] RUN apt-get -y update && apt-get install -y wget zip gettext-base libc6 libc-bin
#6 CACHED

#7 [ 4/20] RUN mkdir -p /home/opensilex
#7 CACHED

#8 [internal] load build context
#8 transferring context: 352B done
#8 DONE 0.0s

#9 [ 5/20] RUN mkdir -p /home/opensilex//home/opensilex/opensilex-data
#9 DONE 0.3s

#10 [ 6/20] RUN mkdir -p /home/opensilex/config
#10 DONE 0.4s

#11 [ 7/20] RUN mkdir -p /home/opensilex/data
#11 DONE 0.4s

#12 [ 8/20] RUN mkdir -p /home/opensilex/logs
#12 DONE 0.3s

#13 [ 9/20] RUN mkdir -p /home/opensilex/bin/modules
#13 DONE 0.3s

#14 [10/20] COPY ./modules/ /home/opensilex/bin/modules_to_import/
#14 DONE 0.0s

#15 [11/20] RUN chown opensilex:opensilex -R /home/opensilex
#15 DONE 0.5s

#16 [12/20] WORKDIR /home/opensilex/bin
#16 DONE 0.0s

#17 [13/20] RUN wget -nv https://github.com/OpenSILEX/opensilex/releases/download/1.0.0-rc+6.4/opensilex-release-1.0.0-rc+6.4.zip
#17 16.88 2023-02-17 09:02:04 URL:https://objects.githubusercontent.com/github-production-release-asset-2e65be/255030444/bb5a0f57-0ebb-45a4-a660-a9b5a6572bc8?X-Amz-Algorithm=AWS4-HMAC-SHA256&X-Amz-Credential=AKIAIWNJYAX4CSVEH53A%2F20230217%2Fus-east-1%2Fs3%2Faws4_request&X-Amz-Date=20230217T090128Z&X-Amz-Expires=300&X-Amz-Signature=4192caef369cd7b65b5c7c828e40d556aa93feea01922f2e9c50e4a6e9b3fa38&X-Amz-SignedHeaders=host&actor_id=0&key_id=0&repo_id=255030444&response-content-disposition=attachment%3B%20filename%3Dopensilex-release-1.0.0-rc%2B6.4.zip&response-content-type=application%2Foctet-stream [85921478/85921478] -> "opensilex-release-1.0.0-rc+6.4.zip" [1]
#17 DONE 17.1s

#18 [14/20] RUN unzip $( basename https://github.com/OpenSILEX/opensilex/releases/download/1.0.0-rc+6.4/opensilex-release-1.0.0-rc+6.4.zip )
#18 0.556 Archive:  opensilex-release-1.0.0-rc+6.4.zip
#18 0.556   inflating: opensilex.jar           
#18 1.109   inflating: logback.xml             
#18 1.109   inflating: modules/opensilex-phis.jar  
#18 1.109   inflating: modules/opensilex-sparql.jar  
#18 1.112   inflating: modules/opensilex-nosql.jar  
#18 1.112   inflating: modules/opensilex-brapi.jar  
#18 1.113   inflating: modules/opensilex-fs.jar  
#18 1.113   inflating: modules/opensilex-migration.jar  
#18 1.113   inflating: modules/opensilex-security.jar  
#18 1.115   inflating: modules/opensilex-core.jar  
#18 1.121   inflating: modules/opensilex-front.jar  
#18 DONE 1.3s

#19 [15/20] RUN ls
#19 0.414 logback.xml
#19 0.414 modules
#19 0.414 modules_to_import
#19 0.414 opensilex-release-1.0.0-rc+6.4.zip
#19 0.414 opensilex.jar
#19 DONE 0.4s

#20 [16/20] COPY ./bin/opensilex.sh /home/opensilex/bin/
#20 DONE 0.0s

#21 [17/20] COPY ./bin/logback.xml /home/opensilex/bin/
#21 DONE 0.1s

#22 [18/20] COPY ./config/opensilex-template.yml /home/opensilex/config/
#22 DONE 0.1s

#23 [19/20] RUN cp /home/opensilex/bin/modules_to_import/* /home/opensilex/bin/modules
#23 DONE 0.3s

#24 [20/20] WORKDIR /home/opensilex
#24 DONE 0.1s

#25 exporting to image
#25 exporting layers
#25 exporting layers 0.6s done
#25 writing image sha256:e891fcecd923e2da38e96faea3ae98ead28fbba63e5455572a2ac3576632f330 done
#25 naming to docker.io/library/opensilex-stack-opensilex done
#25 DONE 0.6s
#1 [internal] load .dockerignore
#1 transferring context: 2B done
#1 DONE 0.0s

#2 [internal] load build definition from haproxy-build-step.docker
#2 transferring dockerfile: 304B done
#2 DONE 0.0s

#3 [internal] load metadata for docker.io/library/haproxy:2.6.6
#3 DONE 0.6s

#4 [1/3] FROM docker.io/library/haproxy:2.6.6@sha256:53c3aa1dbd756e78f12d472ffba22cba5f8bfbca61239a9767a72f754f8cda5a
#4 DONE 0.0s

#5 [internal] load build context
#5 transferring context: 2.31kB done
#5 DONE 0.0s

#6 [2/3] RUN mkdir /run/haproxy  && chown haproxy:haproxy /run/haproxy && chmod 2775 /run/haproxy
#6 CACHED

#7 [3/3] COPY haproxy.cfg /usr/local/etc/haproxy/haproxy.cfg
#7 CACHED

#8 exporting to image
#8 exporting layers done
#8 writing image sha256:0eac449d6be26dee2af811984f0f779e7cd44614ddfa4710eb9c9f50e1e4c1b8 done
#8 naming to docker.io/library/opensilex-stack-haproxy done
#8 DONE 0.0s
